[     267ms] [WARNING] Manifest: found icon with no valid size. @ https://fresh.com.eg/_nuxt/manifest.d61c55fd.json:0
[     745ms] [LOG] window.innerWidth 1046 @ https://fresh.com.eg/_nuxt/39fa3b4.modern.js:1
[     745ms] [LOG] this.search false @ https://fresh.com.eg/_nuxt/39fa3b4.modern.js:1
[    1286ms] [ERROR] Failed to load resource: the server responded with a status of 403 (Forbidden) @ https://sentry.robustastudio.com/api/2/store/?sentry_key=38e44d26486c459b9855ca9acd672bca&sentry_version=7:0
[    1373ms] [WARNING] [TikTok Pixel] - Invalid Event Name Format
Issue: 1 event name was rejected for not following TikTok format requirements.
Suggestion: Go to your source code and update these event types according to TikTok format requirements. See https://ads.tiktok.com/help/article/custom-events?lang=en for more information. @ https://fresh.com.eg/_nuxt/39fa3b4.modern.js:1
[    1376ms] [WARNING] [TikTok Pixel] - Invalid Event Name Format
Issue: 1 event name was rejected for not following TikTok format requirements.
Suggestion: Go to your source code and update these event types according to TikTok format requirements. See https://ads.tiktok.com/help/article/custom-events?lang=en for more information. @ https://fresh.com.eg/_nuxt/39fa3b4.modern.js:1
[    1381ms] [WARNING] [TikTok Pixel] - Invalid Event Name Format
Issue: 1 event name was rejected for not following TikTok format requirements.
Suggestion: Go to your source code and update these event types according to TikTok format requirements. See https://ads.tiktok.com/help/article/custom-events?lang=en for more information. @ https://fresh.com.eg/_nuxt/39fa3b4.modern.js:1
[    1386ms] [WARNING] [TikTok Pixel] - Invalid Event Name Format
Issue: 1 event name was rejected for not following TikTok format requirements.
Suggestion: Go to your source code and update these event types according to TikTok format requirements. See https://ads.tiktok.com/help/article/custom-events?lang=en for more information. @ https://fresh.com.eg/_nuxt/39fa3b4.modern.js:1
[    5520ms] [WARNING] [TikTok Pixel] - Invalid Event Name Format
Issue: 1 event name was rejected for not following TikTok format requirements.
Suggestion: Go to your source code and update these event types according to TikTok format requirements. See https://ads.tiktok.com/help/article/custom-events?lang=en for more information. @ https://fresh.com.eg/_nuxt/39fa3b4.modern.js:1
[    6735ms] [ERROR] Failed to load resource: the server responded with a status of 400 () @ https://api-eu1.infobip.com/livechat/api/widgets/70a3e185-0922-43ba-a75c-2cedfecbf969/configuration:0
